<?xml version="1.0" encoding="UTF-8"?>
<testng-results skipped="0" failed="0" total="1" passed="1">
  <reporter-output>
  </reporter-output>
  <suite name="Suite" duration-ms="46294" started-at="2019-07-07T16:35:04Z" finished-at="2019-07-07T16:35:50Z">
    <groups>
      <group name="cucumber">
        <method signature="AbstractTestNGCucumberTests.feature(cucumber.api.testng.CucumberFeatureWrapper)[pri:0, instance:CucumberOptions.TestRunner@2f686d1f]" name="feature" class="cucumber.api.testng.AbstractTestNGCucumberTests"/>
      </group> <!-- cucumber -->
    </groups>
    <test name="Test" duration-ms="46294" started-at="2019-07-07T16:35:04Z" finished-at="2019-07-07T16:35:50Z">
      <class name="CucumberOptions.TestRunner">
        <test-method status="PASS" signature="setUpClass()[pri:0, instance:CucumberOptions.TestRunner@2f686d1f]" name="setUpClass" is-config="true" duration-ms="243" started-at="2019-07-07T18:35:04Z" finished-at="2019-07-07T18:35:04Z">
          <reporter-output>
          </reporter-output>
        </test-method> <!-- setUpClass -->
        <test-method status="PASS" signature="feature(cucumber.api.testng.CucumberFeatureWrapper)[pri:0, instance:CucumberOptions.TestRunner@2f686d1f]" name="feature" duration-ms="45972" started-at="2019-07-07T18:35:04Z" description="Runs Cucumber Feature" data-provider="features" finished-at="2019-07-07T18:35:50Z">
          <params>
            <param index="0">
              <value>
                <![CDATA[TimerValue]]>
              </value>
            </param>
          </params>
          <reporter-output>
          </reporter-output>
        </test-method> <!-- feature -->
        <test-method status="PASS" signature="tearDownClass()[pri:0, instance:CucumberOptions.TestRunner@2f686d1f]" name="tearDownClass" is-config="true" duration-ms="3" started-at="2019-07-07T18:35:50Z" finished-at="2019-07-07T18:35:50Z">
          <reporter-output>
          </reporter-output>
        </test-method> <!-- tearDownClass -->
      </class> <!-- CucumberOptions.TestRunner -->
    </test> <!-- Test -->
  </suite> <!-- Suite -->
</testng-results>
